CRITICAL - 2024-02-05 00:42:51 --> Undefined variable $datos
in APPPATH\Controllers\Previos.php on line 26.
 1 APPPATH\Controllers\Previos.php(26): CodeIgniter\Debug\Exceptions->errorHandler(2, 'Undefined variable $datos', 'C:\\xampp\\htdocs\\prueba-universidad\\app\\Controllers\\Previos.php', 26)
 2 SYSTEMPATH\CodeIgniter.php(942): App\Controllers\Previos->insertar_previos()
 3 SYSTEMPATH\CodeIgniter.php(502): CodeIgniter\CodeIgniter->runController(Object(App\Controllers\Previos))
 4 SYSTEMPATH\CodeIgniter.php(361): CodeIgniter\CodeIgniter->handleRequest(null, Object(Config\Cache), false)
 5 FCPATH\index.php(79): CodeIgniter\CodeIgniter->run()
CRITICAL - 2024-02-05 00:43:39 --> Undefined variable $datos
in APPPATH\Controllers\Previos.php on line 26.
 1 APPPATH\Controllers\Previos.php(26): CodeIgniter\Debug\Exceptions->errorHandler(2, 'Undefined variable $datos', 'C:\\xampp\\htdocs\\prueba-universidad\\app\\Controllers\\Previos.php', 26)
 2 SYSTEMPATH\CodeIgniter.php(942): App\Controllers\Previos->insertar_previos()
 3 SYSTEMPATH\CodeIgniter.php(502): CodeIgniter\CodeIgniter->runController(Object(App\Controllers\Previos))
 4 SYSTEMPATH\CodeIgniter.php(361): CodeIgniter\CodeIgniter->handleRequest(null, Object(Config\Cache), false)
 5 FCPATH\index.php(79): CodeIgniter\CodeIgniter->run()
CRITICAL - 2024-02-05 00:43:44 --> Undefined variable $datos
in APPPATH\Controllers\Previos.php on line 26.
 1 APPPATH\Controllers\Previos.php(26): CodeIgniter\Debug\Exceptions->errorHandler(2, 'Undefined variable $datos', 'C:\\xampp\\htdocs\\prueba-universidad\\app\\Controllers\\Previos.php', 26)
 2 SYSTEMPATH\CodeIgniter.php(942): App\Controllers\Previos->insertar_previos()
 3 SYSTEMPATH\CodeIgniter.php(502): CodeIgniter\CodeIgniter->runController(Object(App\Controllers\Previos))
 4 SYSTEMPATH\CodeIgniter.php(361): CodeIgniter\CodeIgniter->handleRequest(null, Object(Config\Cache), false)
 5 FCPATH\index.php(79): CodeIgniter\CodeIgniter->run()
ERROR - 2024-02-05 00:46:50 --> mysqli_sql_exception: You have an error in your SQL syntax; check the manual that corresponds to your MariaDB server version for the right syntax to use near 'Final' at line 1 in C:\xampp\htdocs\prueba-universidad\system\Database\MySQLi\Connection.php:306
Stack trace:
#0 C:\xampp\htdocs\prueba-universidad\system\Database\MySQLi\Connection.php(306): mysqli->query('DELETE FROM pre...', 0)
#1 C:\xampp\htdocs\prueba-universidad\system\Database\BaseConnection.php(693): CodeIgniter\Database\MySQLi\Connection->execute('DELETE FROM pre...')
#2 C:\xampp\htdocs\prueba-universidad\system\Database\BaseConnection.php(607): CodeIgniter\Database\BaseConnection->simpleQuery('DELETE FROM pre...')
#3 C:\xampp\htdocs\prueba-universidad\app\Controllers\Previos.php(65): CodeIgniter\Database\BaseConnection->query('DELETE FROM pre...')
#4 C:\xampp\htdocs\prueba-universidad\system\CodeIgniter.php(942): App\Controllers\Previos->borrar_previo('Examen Final')
#5 C:\xampp\htdocs\prueba-universidad\system\CodeIgniter.php(502): CodeIgniter\CodeIgniter->runController(Object(App\Controllers\Previos))
#6 C:\xampp\htdocs\prueba-universidad\system\CodeIgniter.php(361): CodeIgniter\CodeIgniter->handleRequest(NULL, Object(Config\Cache), false)
#7 C:\xampp\htdocs\prueba-universidad\public\index.php(79): CodeIgniter\CodeIgniter->run()
#8 {main}
CRITICAL - 2024-02-05 00:46:50 --> You have an error in your SQL syntax; check the manual that corresponds to your MariaDB server version for the right syntax to use near 'Final' at line 1
in SYSTEMPATH\Database\BaseConnection.php on line 647.
 1 APPPATH\Controllers\Previos.php(65): CodeIgniter\Database\BaseConnection->query('DELETE FROM previos WHERE tipo_previo = Examen Final')
 2 SYSTEMPATH\CodeIgniter.php(942): App\Controllers\Previos->borrar_previo('Examen Final')
 3 SYSTEMPATH\CodeIgniter.php(502): CodeIgniter\CodeIgniter->runController(Object(App\Controllers\Previos))
 4 SYSTEMPATH\CodeIgniter.php(361): CodeIgniter\CodeIgniter->handleRequest(null, Object(Config\Cache), false)
 5 FCPATH\index.php(79): CodeIgniter\CodeIgniter->run()
ERROR - 2024-02-05 00:47:26 --> mysqli_sql_exception: You have an error in your SQL syntax; check the manual that corresponds to your MariaDB server version for the right syntax to use near 'Final' at line 1 in C:\xampp\htdocs\prueba-universidad\system\Database\MySQLi\Connection.php:306
Stack trace:
#0 C:\xampp\htdocs\prueba-universidad\system\Database\MySQLi\Connection.php(306): mysqli->query('DELETE FROM pre...', 0)
#1 C:\xampp\htdocs\prueba-universidad\system\Database\BaseConnection.php(693): CodeIgniter\Database\MySQLi\Connection->execute('DELETE FROM pre...')
#2 C:\xampp\htdocs\prueba-universidad\system\Database\BaseConnection.php(607): CodeIgniter\Database\BaseConnection->simpleQuery('DELETE FROM pre...')
#3 C:\xampp\htdocs\prueba-universidad\app\Controllers\Previos.php(67): CodeIgniter\Database\BaseConnection->query('DELETE FROM pre...')
#4 C:\xampp\htdocs\prueba-universidad\system\CodeIgniter.php(942): App\Controllers\Previos->borrar_previo('Examen Final')
#5 C:\xampp\htdocs\prueba-universidad\system\CodeIgniter.php(502): CodeIgniter\CodeIgniter->runController(Object(App\Controllers\Previos))
#6 C:\xampp\htdocs\prueba-universidad\system\CodeIgniter.php(361): CodeIgniter\CodeIgniter->handleRequest(NULL, Object(Config\Cache), false)
#7 C:\xampp\htdocs\prueba-universidad\public\index.php(79): CodeIgniter\CodeIgniter->run()
#8 {main}
CRITICAL - 2024-02-05 00:47:26 --> You have an error in your SQL syntax; check the manual that corresponds to your MariaDB server version for the right syntax to use near 'Final' at line 1
in SYSTEMPATH\Database\BaseConnection.php on line 647.
 1 APPPATH\Controllers\Previos.php(67): CodeIgniter\Database\BaseConnection->query('DELETE FROM previos WHERE tipo_previo = Examen Final')
 2 SYSTEMPATH\CodeIgniter.php(942): App\Controllers\Previos->borrar_previo('Examen Final')
 3 SYSTEMPATH\CodeIgniter.php(502): CodeIgniter\CodeIgniter->runController(Object(App\Controllers\Previos))
 4 SYSTEMPATH\CodeIgniter.php(361): CodeIgniter\CodeIgniter->handleRequest(null, Object(Config\Cache), false)
 5 FCPATH\index.php(79): CodeIgniter\CodeIgniter->run()
