CRITICAL - 2024-01-04 00:21:28 --> Undefined variable $semestres
in APPPATH\Views\Previos.php on line 37.
 1 APPPATH\Views\Previos.php(37): CodeIgniter\Debug\Exceptions->errorHandler(2, 'Undefined variable $semestres', 'C:\\xampp\\htdocs\\prueba-universidad\\app\\Views\\Previos.php', 37)
 2 SYSTEMPATH\View\View.php(228): include('C:\\xampp\\htdocs\\prueba-universidad\\app\\Views\\Previos.php')
 3 SYSTEMPATH\View\View.php(231): CodeIgniter\View\View->CodeIgniter\View\{closure}()
 4 SYSTEMPATH\Common.php(1190): CodeIgniter\View\View->render('previos', [], true)
 5 APPPATH\Controllers\Previos.php(19): view('previos', [...])
 6 SYSTEMPATH\CodeIgniter.php(942): App\Controllers\Previos->listar_previos()
 7 SYSTEMPATH\CodeIgniter.php(502): CodeIgniter\CodeIgniter->runController(Object(App\Controllers\Previos))
 8 SYSTEMPATH\CodeIgniter.php(361): CodeIgniter\CodeIgniter->handleRequest(null, Object(Config\Cache), false)
 9 FCPATH\index.php(79): CodeIgniter\CodeIgniter->run()
CRITICAL - 2024-01-04 00:51:52 --> syntax error, unexpected end of file
in APPPATH\Config\Routes.php on line 42.
 1 SYSTEMPATH\CodeIgniter.php(810): CodeIgniter\Router\RouteCollection->loadRoutes()
 2 SYSTEMPATH\CodeIgniter.php(450): CodeIgniter\CodeIgniter->tryToRouteIt(null)
 3 SYSTEMPATH\CodeIgniter.php(361): CodeIgniter\CodeIgniter->handleRequest(null, Object(Config\Cache), false)
 4 FCPATH\index.php(79): CodeIgniter\CodeIgniter->run()
CRITICAL - 2024-01-04 00:52:00 --> syntax error, unexpected end of file
in APPPATH\Config\Routes.php on line 42.
 1 SYSTEMPATH\CodeIgniter.php(810): CodeIgniter\Router\RouteCollection->loadRoutes()
 2 SYSTEMPATH\CodeIgniter.php(450): CodeIgniter\CodeIgniter->tryToRouteIt(null)
 3 SYSTEMPATH\CodeIgniter.php(361): CodeIgniter\CodeIgniter->handleRequest(null, Object(Config\Cache), false)
 4 FCPATH\index.php(79): CodeIgniter\CodeIgniter->run()
CRITICAL - 2024-01-04 00:53:35 --> syntax error, unexpected token "}", expecting ";"
in APPPATH\Controllers\Previos.php on line 25.
 1 SYSTEMPATH\Autoloader\Autoloader.php(291): CodeIgniter\Autoloader\Autoloader->includeFile('C:\\xampp\\htdocs\\prueba-universidad\\app\\Controllers\\Previos.php')
 2 SYSTEMPATH\Autoloader\Autoloader.php(269): CodeIgniter\Autoloader\Autoloader->loadInNamespace('App\\Controllers\\Previos')
 3 [internal function]: CodeIgniter\Autoloader\Autoloader->loadClass('App\\Controllers\\Previos')
 4 SYSTEMPATH\CodeIgniter.php(900): class_exists('\\App\\Controllers\\Previos', true)
 5 SYSTEMPATH\CodeIgniter.php(489): CodeIgniter\CodeIgniter->startController()
 6 SYSTEMPATH\CodeIgniter.php(361): CodeIgniter\CodeIgniter->handleRequest(null, Object(Config\Cache), false)
 7 FCPATH\index.php(79): CodeIgniter\CodeIgniter->run()
CRITICAL - 2024-01-04 00:53:45 --> Undefined variable $personas
in APPPATH\Views\previos\insertPrevio.php on line 29.
 1 APPPATH\Views\previos\insertPrevio.php(29): CodeIgniter\Debug\Exceptions->errorHandler(2, 'Undefined variable $personas', 'C:\\xampp\\htdocs\\prueba-universidad\\app\\Views\\previos\\insertPrevio.php', 29)
 2 SYSTEMPATH\View\View.php(228): include('C:\\xampp\\htdocs\\prueba-universidad\\app\\Views\\previos\\insertPrevio.php')
 3 SYSTEMPATH\View\View.php(231): CodeIgniter\View\View->CodeIgniter\View\{closure}()
 4 SYSTEMPATH\Common.php(1190): CodeIgniter\View\View->render('previos/insertPrevio', [], true)
 5 APPPATH\Controllers\Previos.php(24): view('previos/insertPrevio')
 6 SYSTEMPATH\CodeIgniter.php(942): App\Controllers\Previos->insertar_previos()
 7 SYSTEMPATH\CodeIgniter.php(502): CodeIgniter\CodeIgniter->runController(Object(App\Controllers\Previos))
 8 SYSTEMPATH\CodeIgniter.php(361): CodeIgniter\CodeIgniter->handleRequest(null, Object(Config\Cache), false)
 9 FCPATH\index.php(79): CodeIgniter\CodeIgniter->run()
CRITICAL - 2024-01-04 00:53:55 --> syntax error, unexpected token ")"
in APPPATH\Views\previos\insertPrevio.php on line 29.
 1 SYSTEMPATH\View\View.php(231): CodeIgniter\View\View->CodeIgniter\View\{closure}()
 2 SYSTEMPATH\Common.php(1190): CodeIgniter\View\View->render('previos/insertPrevio', [], true)
 3 APPPATH\Controllers\Previos.php(24): view('previos/insertPrevio')
 4 SYSTEMPATH\CodeIgniter.php(942): App\Controllers\Previos->insertar_previos()
 5 SYSTEMPATH\CodeIgniter.php(502): CodeIgniter\CodeIgniter->runController(Object(App\Controllers\Previos))
 6 SYSTEMPATH\CodeIgniter.php(361): CodeIgniter\CodeIgniter->handleRequest(null, Object(Config\Cache), false)
 7 FCPATH\index.php(79): CodeIgniter\CodeIgniter->run()
CRITICAL - 2024-01-04 01:22:24 --> Cannot access offset of type string on string
in APPPATH\Views\previos\insertPrevio.php on line 32.
 1 SYSTEMPATH\View\View.php(228): include()
 2 SYSTEMPATH\View\View.php(231): CodeIgniter\View\View->CodeIgniter\View\{closure}()
 3 SYSTEMPATH\Common.php(1190): CodeIgniter\View\View->render('previos/insertPrevio', [], true)
 4 APPPATH\Controllers\Previos.php(24): view('previos/insertPrevio')
 5 SYSTEMPATH\CodeIgniter.php(942): App\Controllers\Previos->insertar_previos()
 6 SYSTEMPATH\CodeIgniter.php(502): CodeIgniter\CodeIgniter->runController(Object(App\Controllers\Previos))
 7 SYSTEMPATH\CodeIgniter.php(361): CodeIgniter\CodeIgniter->handleRequest(null, Object(Config\Cache), false)
 8 FCPATH\index.php(79): CodeIgniter\CodeIgniter->run()
CRITICAL - 2024-01-04 01:22:53 --> Cannot access offset of type string on string
in APPPATH\Views\previos\insertPrevio.php on line 32.
 1 SYSTEMPATH\View\View.php(228): include()
 2 SYSTEMPATH\View\View.php(231): CodeIgniter\View\View->CodeIgniter\View\{closure}()
 3 SYSTEMPATH\Common.php(1190): CodeIgniter\View\View->render('previos/insertPrevio', [], true)
 4 APPPATH\Controllers\Previos.php(24): view('previos/insertPrevio')
 5 SYSTEMPATH\CodeIgniter.php(942): App\Controllers\Previos->insertar_previos()
 6 SYSTEMPATH\CodeIgniter.php(502): CodeIgniter\CodeIgniter->runController(Object(App\Controllers\Previos))
 7 SYSTEMPATH\CodeIgniter.php(361): CodeIgniter\CodeIgniter->handleRequest(null, Object(Config\Cache), false)
 8 FCPATH\index.php(79): CodeIgniter\CodeIgniter->run()
CRITICAL - 2024-01-04 01:27:14 --> Cannot access offset of type string on string
in APPPATH\Views\previos\insertPrevio.php on line 32.
 1 SYSTEMPATH\View\View.php(228): include()
 2 SYSTEMPATH\View\View.php(231): CodeIgniter\View\View->CodeIgniter\View\{closure}()
 3 SYSTEMPATH\Common.php(1190): CodeIgniter\View\View->render('previos/insertPrevio', [], true)
 4 APPPATH\Controllers\Previos.php(34): view('previos/insertPrevio', [...])
 5 SYSTEMPATH\CodeIgniter.php(942): App\Controllers\Previos->insertar_previos()
 6 SYSTEMPATH\CodeIgniter.php(502): CodeIgniter\CodeIgniter->runController(Object(App\Controllers\Previos))
 7 SYSTEMPATH\CodeIgniter.php(361): CodeIgniter\CodeIgniter->handleRequest(null, Object(Config\Cache), false)
 8 FCPATH\index.php(79): CodeIgniter\CodeIgniter->run()
CRITICAL - 2024-01-04 01:27:35 --> Cannot access offset of type string on string
in APPPATH\Views\previos\insertPrevio.php on line 32.
 1 SYSTEMPATH\View\View.php(228): include()
 2 SYSTEMPATH\View\View.php(231): CodeIgniter\View\View->CodeIgniter\View\{closure}()
 3 SYSTEMPATH\Common.php(1190): CodeIgniter\View\View->render('previos/insertPrevio', [], true)
 4 APPPATH\Controllers\Previos.php(34): view('previos/insertPrevio', [...])
 5 SYSTEMPATH\CodeIgniter.php(942): App\Controllers\Previos->insertar_previos()
 6 SYSTEMPATH\CodeIgniter.php(502): CodeIgniter\CodeIgniter->runController(Object(App\Controllers\Previos))
 7 SYSTEMPATH\CodeIgniter.php(361): CodeIgniter\CodeIgniter->handleRequest(null, Object(Config\Cache), false)
 8 FCPATH\index.php(79): CodeIgniter\CodeIgniter->run()
CRITICAL - 2024-01-04 01:28:03 --> Cannot access offset of type string on string
in APPPATH\Views\previos\insertPrevio.php on line 32.
 1 SYSTEMPATH\View\View.php(228): include()
 2 SYSTEMPATH\View\View.php(231): CodeIgniter\View\View->CodeIgniter\View\{closure}()
 3 SYSTEMPATH\Common.php(1190): CodeIgniter\View\View->render('previos/insertPrevio', [], true)
 4 APPPATH\Controllers\Previos.php(34): view('previos/insertPrevio', [...])
 5 SYSTEMPATH\CodeIgniter.php(942): App\Controllers\Previos->insertar_previos()
 6 SYSTEMPATH\CodeIgniter.php(502): CodeIgniter\CodeIgniter->runController(Object(App\Controllers\Previos))
 7 SYSTEMPATH\CodeIgniter.php(361): CodeIgniter\CodeIgniter->handleRequest(null, Object(Config\Cache), false)
 8 FCPATH\index.php(79): CodeIgniter\CodeIgniter->run()
CRITICAL - 2024-01-04 01:28:13 --> Cannot access offset of type string on string
in APPPATH\Views\previos\insertPrevio.php on line 32.
 1 SYSTEMPATH\View\View.php(228): include()
 2 SYSTEMPATH\View\View.php(231): CodeIgniter\View\View->CodeIgniter\View\{closure}()
 3 SYSTEMPATH\Common.php(1190): CodeIgniter\View\View->render('previos/insertPrevio', [], true)
 4 APPPATH\Controllers\Previos.php(34): view('previos/insertPrevio', [...])
 5 SYSTEMPATH\CodeIgniter.php(942): App\Controllers\Previos->insertar_previos()
 6 SYSTEMPATH\CodeIgniter.php(502): CodeIgniter\CodeIgniter->runController(Object(App\Controllers\Previos))
 7 SYSTEMPATH\CodeIgniter.php(361): CodeIgniter\CodeIgniter->handleRequest(null, Object(Config\Cache), false)
 8 FCPATH\index.php(79): CodeIgniter\CodeIgniter->run()
CRITICAL - 2024-01-04 01:29:02 --> Cannot access offset of type string on string
in APPPATH\Views\previos\insertPrevio.php on line 32.
 1 SYSTEMPATH\View\View.php(228): include()
 2 SYSTEMPATH\View\View.php(231): CodeIgniter\View\View->CodeIgniter\View\{closure}()
 3 SYSTEMPATH\Common.php(1190): CodeIgniter\View\View->render('previos/insertPrevio', [], true)
 4 APPPATH\Controllers\Previos.php(34): view('previos/insertPrevio', [...])
 5 SYSTEMPATH\CodeIgniter.php(942): App\Controllers\Previos->insertar_previos()
 6 SYSTEMPATH\CodeIgniter.php(502): CodeIgniter\CodeIgniter->runController(Object(App\Controllers\Previos))
 7 SYSTEMPATH\CodeIgniter.php(361): CodeIgniter\CodeIgniter->handleRequest(null, Object(Config\Cache), false)
 8 FCPATH\index.php(79): CodeIgniter\CodeIgniter->run()
CRITICAL - 2024-01-04 01:29:59 --> Undefined variable $materias
in APPPATH\Views\previos\insertPrevio.php on line 37.
 1 APPPATH\Views\previos\insertPrevio.php(37): CodeIgniter\Debug\Exceptions->errorHandler(2, 'Undefined variable $materias', 'C:\\xampp\\htdocs\\prueba-universidad\\app\\Views\\previos\\insertPrevio.php', 37)
 2 SYSTEMPATH\View\View.php(228): include('C:\\xampp\\htdocs\\prueba-universidad\\app\\Views\\previos\\insertPrevio.php')
 3 SYSTEMPATH\View\View.php(231): CodeIgniter\View\View->CodeIgniter\View\{closure}()
 4 SYSTEMPATH\Common.php(1190): CodeIgniter\View\View->render('previos/insertPrevio', [], true)
 5 APPPATH\Controllers\Previos.php(34): view('previos/insertPrevio', [...])
 6 SYSTEMPATH\CodeIgniter.php(942): App\Controllers\Previos->insertar_previos()
 7 SYSTEMPATH\CodeIgniter.php(502): CodeIgniter\CodeIgniter->runController(Object(App\Controllers\Previos))
 8 SYSTEMPATH\CodeIgniter.php(361): CodeIgniter\CodeIgniter->handleRequest(null, Object(Config\Cache), false)
 9 FCPATH\index.php(79): CodeIgniter\CodeIgniter->run()
CRITICAL - 2024-01-04 01:32:14 --> Cannot access offset of type string on string
in APPPATH\Views\previos\insertPrevio.php on line 32.
 1 SYSTEMPATH\View\View.php(228): include()
 2 SYSTEMPATH\View\View.php(231): CodeIgniter\View\View->CodeIgniter\View\{closure}()
 3 SYSTEMPATH\Common.php(1190): CodeIgniter\View\View->render('previos/insertPrevio', [], true)
 4 APPPATH\Controllers\Previos.php(34): view('previos/insertPrevio', [...])
 5 SYSTEMPATH\CodeIgniter.php(942): App\Controllers\Previos->insertar_previos()
 6 SYSTEMPATH\CodeIgniter.php(502): CodeIgniter\CodeIgniter->runController(Object(App\Controllers\Previos))
 7 SYSTEMPATH\CodeIgniter.php(361): CodeIgniter\CodeIgniter->handleRequest(null, Object(Config\Cache), false)
 8 FCPATH\index.php(79): CodeIgniter\CodeIgniter->run()
CRITICAL - 2024-01-04 01:34:13 --> Undefined array key "tipo_previo"
in APPPATH\Views\previos\insertPrevio.php on line 32.
 1 APPPATH\Views\previos\insertPrevio.php(32): CodeIgniter\Debug\Exceptions->errorHandler(2, 'Undefined array key "tipo_previo"', 'C:\\xampp\\htdocs\\prueba-universidad\\app\\Views\\previos\\insertPrevio.php', 32)
 2 SYSTEMPATH\View\View.php(228): include('C:\\xampp\\htdocs\\prueba-universidad\\app\\Views\\previos\\insertPrevio.php')
 3 SYSTEMPATH\View\View.php(231): CodeIgniter\View\View->CodeIgniter\View\{closure}()
 4 SYSTEMPATH\Common.php(1190): CodeIgniter\View\View->render('previos/insertPrevio', [], true)
 5 APPPATH\Controllers\Previos.php(34): view('previos/insertPrevio', [...])
 6 SYSTEMPATH\CodeIgniter.php(942): App\Controllers\Previos->insertar_previos()
 7 SYSTEMPATH\CodeIgniter.php(502): CodeIgniter\CodeIgniter->runController(Object(App\Controllers\Previos))
 8 SYSTEMPATH\CodeIgniter.php(361): CodeIgniter\CodeIgniter->handleRequest(null, Object(Config\Cache), false)
 9 FCPATH\index.php(79): CodeIgniter\CodeIgniter->run()
CRITICAL - 2024-01-04 01:44:18 --> syntax error, unexpected end of file
in APPPATH\Config\Routes.php on line 43.
 1 SYSTEMPATH\CodeIgniter.php(810): CodeIgniter\Router\RouteCollection->loadRoutes()
 2 SYSTEMPATH\CodeIgniter.php(450): CodeIgniter\CodeIgniter->tryToRouteIt(null)
 3 SYSTEMPATH\CodeIgniter.php(361): CodeIgniter\CodeIgniter->handleRequest(null, Object(Config\Cache), false)
 4 FCPATH\index.php(79): CodeIgniter\CodeIgniter->run()
CRITICAL - 2024-01-04 01:44:18 --> syntax error, unexpected end of file
in APPPATH\Config\Routes.php on line 43.
 1 SYSTEMPATH\CodeIgniter.php(810): CodeIgniter\Router\RouteCollection->loadRoutes()
 2 SYSTEMPATH\CodeIgniter.php(450): CodeIgniter\CodeIgniter->tryToRouteIt(null)
 3 SYSTEMPATH\CodeIgniter.php(361): CodeIgniter\CodeIgniter->handleRequest(null, Object(Config\Cache), false)
 4 FCPATH\index.php(79): CodeIgniter\CodeIgniter->run()
