CRITICAL - 2024-01-31 01:50:01 --> Undefined variable $notas
in APPPATH\Views\notas\insertNotas.php on line 45.
 1 APPPATH\Views\notas\insertNotas.php(45): CodeIgniter\Debug\Exceptions->errorHandler(2, 'Undefined variable $notas', 'C:\\xampp\\htdocs\\prueba-universidad\\app\\Views\\notas\\insertNotas.php', 45)
 2 SYSTEMPATH\View\View.php(228): include('C:\\xampp\\htdocs\\prueba-universidad\\app\\Views\\notas\\insertNotas.php')
 3 SYSTEMPATH\View\View.php(231): CodeIgniter\View\View->CodeIgniter\View\{closure}()
 4 SYSTEMPATH\Common.php(1190): CodeIgniter\View\View->render('notas/insertNotas', [], true)
 5 APPPATH\Controllers\Notas.php(59): view('notas/insertNotas', [...])
 6 SYSTEMPATH\CodeIgniter.php(942): App\Controllers\Notas->ingresar_nota('1251988')
 7 SYSTEMPATH\CodeIgniter.php(502): CodeIgniter\CodeIgniter->runController(Object(App\Controllers\Notas))
 8 SYSTEMPATH\CodeIgniter.php(361): CodeIgniter\CodeIgniter->handleRequest(null, Object(Config\Cache), false)
 9 FCPATH\index.php(79): CodeIgniter\CodeIgniter->run()
CRITICAL - 2024-01-31 01:55:27 --> Undefined array key "nombre"
in APPPATH\Views\notas\insertNotas.php on line 26.
 1 APPPATH\Views\notas\insertNotas.php(26): CodeIgniter\Debug\Exceptions->errorHandler(2, 'Undefined array key "nombre"', 'C:\\xampp\\htdocs\\prueba-universidad\\app\\Views\\notas\\insertNotas.php', 26)
 2 SYSTEMPATH\View\View.php(228): include('C:\\xampp\\htdocs\\prueba-universidad\\app\\Views\\notas\\insertNotas.php')
 3 SYSTEMPATH\View\View.php(231): CodeIgniter\View\View->CodeIgniter\View\{closure}()
 4 SYSTEMPATH\Common.php(1190): CodeIgniter\View\View->render('notas/insertNotas', [], true)
 5 APPPATH\Controllers\Notas.php(71): view('notas/insertNotas', [...])
 6 SYSTEMPATH\CodeIgniter.php(942): App\Controllers\Notas->ingresar_nota('1251988')
 7 SYSTEMPATH\CodeIgniter.php(502): CodeIgniter\CodeIgniter->runController(Object(App\Controllers\Notas))
 8 SYSTEMPATH\CodeIgniter.php(361): CodeIgniter\CodeIgniter->handleRequest(null, Object(Config\Cache), false)
 9 FCPATH\index.php(79): CodeIgniter\CodeIgniter->run()
CRITICAL - 2024-01-31 01:55:40 --> Undefined array key "nombres"
in APPPATH\Views\notas\insertNotas.php on line 26.
 1 APPPATH\Views\notas\insertNotas.php(26): CodeIgniter\Debug\Exceptions->errorHandler(2, 'Undefined array key "nombres"', 'C:\\xampp\\htdocs\\prueba-universidad\\app\\Views\\notas\\insertNotas.php', 26)
 2 SYSTEMPATH\View\View.php(228): include('C:\\xampp\\htdocs\\prueba-universidad\\app\\Views\\notas\\insertNotas.php')
 3 SYSTEMPATH\View\View.php(231): CodeIgniter\View\View->CodeIgniter\View\{closure}()
 4 SYSTEMPATH\Common.php(1190): CodeIgniter\View\View->render('notas/insertNotas', [], true)
 5 APPPATH\Controllers\Notas.php(71): view('notas/insertNotas', [...])
 6 SYSTEMPATH\CodeIgniter.php(942): App\Controllers\Notas->ingresar_nota('1251988')
 7 SYSTEMPATH\CodeIgniter.php(502): CodeIgniter\CodeIgniter->runController(Object(App\Controllers\Notas))
 8 SYSTEMPATH\CodeIgniter.php(361): CodeIgniter\CodeIgniter->handleRequest(null, Object(Config\Cache), false)
 9 FCPATH\index.php(79): CodeIgniter\CodeIgniter->run()
