CRITICAL - 2023-12-10 21:01:13 --> Undefined variable $rouyes
in APPPATH\Config\Routes.php on line 9.
 1 APPPATH\Config\Routes.php(9): CodeIgniter\Debug\Exceptions->errorHandler(2, 'Undefined variable $rouyes', 'C:\\xampp\\htdocs\\prueba-universidad\\app\\Config\\Routes.php', 9)
 2 SYSTEMPATH\Router\RouteCollection.php(344): require('C:\\xampp\\htdocs\\prueba-universidad\\app\\Config\\Routes.php')
 3 SYSTEMPATH\CodeIgniter.php(810): CodeIgniter\Router\RouteCollection->loadRoutes()
 4 SYSTEMPATH\CodeIgniter.php(450): CodeIgniter\CodeIgniter->tryToRouteIt(null)
 5 SYSTEMPATH\CodeIgniter.php(361): CodeIgniter\CodeIgniter->handleRequest(null, Object(Config\Cache), false)
 6 FCPATH\index.php(79): CodeIgniter\CodeIgniter->run()
CRITICAL - 2023-12-10 21:01:24 --> Cannot declare class App\Controllers\Persona because the name is already in use
in APPPATH\Controllers\Persona.php on line 6.
 1 [internal function]: CodeIgniter\Debug\Exceptions->shutdownHandler()
CRITICAL - 2023-12-10 21:03:38 --> Cannot declare class App\Controllers\Persona because the name is already in use
in APPPATH\Controllers\Persona.php on line 7.
 1 [internal function]: CodeIgniter\Debug\Exceptions->shutdownHandler()
CRITICAL - 2023-12-10 21:17:52 --> Undefined variable $alumno
in APPPATH\Views\Alumnos.php on line 15.
 1 APPPATH\Views\Alumnos.php(15): CodeIgniter\Debug\Exceptions->errorHandler(2, 'Undefined variable $alumno', 'C:\\xampp\\htdocs\\prueba-universidad\\app\\Views\\Alumnos.php', 15)
 2 SYSTEMPATH\View\View.php(228): include('C:\\xampp\\htdocs\\prueba-universidad\\app\\Views\\Alumnos.php')
 3 SYSTEMPATH\View\View.php(231): CodeIgniter\View\View->CodeIgniter\View\{closure}()
 4 SYSTEMPATH\Common.php(1190): CodeIgniter\View\View->render('alumnos', [], true)
 5 APPPATH\Controllers\Personas.php(16): view('alumnos', [...])
 6 SYSTEMPATH\CodeIgniter.php(942): App\Controllers\Personas->index()
 7 SYSTEMPATH\CodeIgniter.php(502): CodeIgniter\CodeIgniter->runController(Object(App\Controllers\Personas))
 8 SYSTEMPATH\CodeIgniter.php(361): CodeIgniter\CodeIgniter->handleRequest(null, Object(Config\Cache), false)
 9 FCPATH\index.php(79): CodeIgniter\CodeIgniter->run()
CRITICAL - 2023-12-10 21:18:04 --> Undefined variable $alumno
in APPPATH\Views\Alumnos.php on line 15.
 1 APPPATH\Views\Alumnos.php(15): CodeIgniter\Debug\Exceptions->errorHandler(2, 'Undefined variable $alumno', 'C:\\xampp\\htdocs\\prueba-universidad\\app\\Views\\Alumnos.php', 15)
 2 SYSTEMPATH\View\View.php(228): include('C:\\xampp\\htdocs\\prueba-universidad\\app\\Views\\Alumnos.php')
 3 SYSTEMPATH\View\View.php(231): CodeIgniter\View\View->CodeIgniter\View\{closure}()
 4 SYSTEMPATH\Common.php(1190): CodeIgniter\View\View->render('alumnos', [], true)
 5 APPPATH\Controllers\Personas.php(16): view('alumnos', [...])
 6 SYSTEMPATH\CodeIgniter.php(942): App\Controllers\Personas->index()
 7 SYSTEMPATH\CodeIgniter.php(502): CodeIgniter\CodeIgniter->runController(Object(App\Controllers\Personas))
 8 SYSTEMPATH\CodeIgniter.php(361): CodeIgniter\CodeIgniter->handleRequest(null, Object(Config\Cache), false)
 9 FCPATH\index.php(79): CodeIgniter\CodeIgniter->run()
CRITICAL - 2023-12-10 21:18:49 --> Undefined variable $persona
in APPPATH\Views\Alumnos.php on line 15.
 1 APPPATH\Views\Alumnos.php(15): CodeIgniter\Debug\Exceptions->errorHandler(2, 'Undefined variable $persona', 'C:\\xampp\\htdocs\\prueba-universidad\\app\\Views\\Alumnos.php', 15)
 2 SYSTEMPATH\View\View.php(228): include('C:\\xampp\\htdocs\\prueba-universidad\\app\\Views\\Alumnos.php')
 3 SYSTEMPATH\View\View.php(231): CodeIgniter\View\View->CodeIgniter\View\{closure}()
 4 SYSTEMPATH\Common.php(1190): CodeIgniter\View\View->render('alumnos', [], true)
 5 APPPATH\Controllers\Personas.php(16): view('alumnos', [...])
 6 SYSTEMPATH\CodeIgniter.php(942): App\Controllers\Personas->index()
 7 SYSTEMPATH\CodeIgniter.php(502): CodeIgniter\CodeIgniter->runController(Object(App\Controllers\Personas))
 8 SYSTEMPATH\CodeIgniter.php(361): CodeIgniter\CodeIgniter->handleRequest(null, Object(Config\Cache), false)
 9 FCPATH\index.php(79): CodeIgniter\CodeIgniter->run()
CRITICAL - 2023-12-10 21:22:01 --> Undefined variable $personas
in APPPATH\Views\Alumnos.php on line 15.
 1 APPPATH\Views\Alumnos.php(15): CodeIgniter\Debug\Exceptions->errorHandler(2, 'Undefined variable $personas', 'C:\\xampp\\htdocs\\prueba-universidad\\app\\Views\\Alumnos.php', 15)
 2 SYSTEMPATH\View\View.php(228): include('C:\\xampp\\htdocs\\prueba-universidad\\app\\Views\\Alumnos.php')
 3 SYSTEMPATH\View\View.php(231): CodeIgniter\View\View->CodeIgniter\View\{closure}()
 4 SYSTEMPATH\Common.php(1190): CodeIgniter\View\View->render('alumnos', [], true)
 5 APPPATH\Controllers\Personas.php(16): view('alumnos', [...])
 6 SYSTEMPATH\CodeIgniter.php(942): App\Controllers\Personas->index()
 7 SYSTEMPATH\CodeIgniter.php(502): CodeIgniter\CodeIgniter->runController(Object(App\Controllers\Personas))
 8 SYSTEMPATH\CodeIgniter.php(361): CodeIgniter\CodeIgniter->handleRequest(null, Object(Config\Cache), false)
 9 FCPATH\index.php(79): CodeIgniter\CodeIgniter->run()
CRITICAL - 2023-12-10 21:22:06 --> Undefined variable $personas
in APPPATH\Views\Alumnos.php on line 15.
 1 APPPATH\Views\Alumnos.php(15): CodeIgniter\Debug\Exceptions->errorHandler(2, 'Undefined variable $personas', 'C:\\xampp\\htdocs\\prueba-universidad\\app\\Views\\Alumnos.php', 15)
 2 SYSTEMPATH\View\View.php(228): include('C:\\xampp\\htdocs\\prueba-universidad\\app\\Views\\Alumnos.php')
 3 SYSTEMPATH\View\View.php(231): CodeIgniter\View\View->CodeIgniter\View\{closure}()
 4 SYSTEMPATH\Common.php(1190): CodeIgniter\View\View->render('alumnos', [], true)
 5 APPPATH\Controllers\Personas.php(16): view('alumnos', [...])
 6 SYSTEMPATH\CodeIgniter.php(942): App\Controllers\Personas->index()
 7 SYSTEMPATH\CodeIgniter.php(502): CodeIgniter\CodeIgniter->runController(Object(App\Controllers\Personas))
 8 SYSTEMPATH\CodeIgniter.php(361): CodeIgniter\CodeIgniter->handleRequest(null, Object(Config\Cache), false)
 9 FCPATH\index.php(79): CodeIgniter\CodeIgniter->run()
CRITICAL - 2023-12-10 21:22:45 --> Undefined variable $alumno
in APPPATH\Views\Alumnos.php on line 15.
 1 APPPATH\Views\Alumnos.php(15): CodeIgniter\Debug\Exceptions->errorHandler(2, 'Undefined variable $alumno', 'C:\\xampp\\htdocs\\prueba-universidad\\app\\Views\\Alumnos.php', 15)
 2 SYSTEMPATH\View\View.php(228): include('C:\\xampp\\htdocs\\prueba-universidad\\app\\Views\\Alumnos.php')
 3 SYSTEMPATH\View\View.php(231): CodeIgniter\View\View->CodeIgniter\View\{closure}()
 4 SYSTEMPATH\Common.php(1190): CodeIgniter\View\View->render('alumnos', [], true)
 5 APPPATH\Controllers\Personas.php(16): view('alumnos', [...])
 6 SYSTEMPATH\CodeIgniter.php(942): App\Controllers\Personas->index()
 7 SYSTEMPATH\CodeIgniter.php(502): CodeIgniter\CodeIgniter->runController(Object(App\Controllers\Personas))
 8 SYSTEMPATH\CodeIgniter.php(361): CodeIgniter\CodeIgniter->handleRequest(null, Object(Config\Cache), false)
 9 FCPATH\index.php(79): CodeIgniter\CodeIgniter->run()
CRITICAL - 2023-12-10 21:47:08 --> Undefined array key "codigo"
in APPPATH\Views\Alumnos.php on line 31.
 1 APPPATH\Views\Alumnos.php(31): CodeIgniter\Debug\Exceptions->errorHandler(2, 'Undefined array key "codigo"', 'C:\\xampp\\htdocs\\prueba-universidad\\app\\Views\\Alumnos.php', 31)
 2 SYSTEMPATH\View\View.php(228): include('C:\\xampp\\htdocs\\prueba-universidad\\app\\Views\\Alumnos.php')
 3 SYSTEMPATH\View\View.php(231): CodeIgniter\View\View->CodeIgniter\View\{closure}()
 4 SYSTEMPATH\Common.php(1190): CodeIgniter\View\View->render('alumnos', [], true)
 5 APPPATH\Controllers\Personas.php(16): view('alumnos', [...])
 6 SYSTEMPATH\CodeIgniter.php(942): App\Controllers\Personas->index()
 7 SYSTEMPATH\CodeIgniter.php(502): CodeIgniter\CodeIgniter->runController(Object(App\Controllers\Personas))
 8 SYSTEMPATH\CodeIgniter.php(361): CodeIgniter\CodeIgniter->handleRequest(null, Object(Config\Cache), false)
 9 FCPATH\index.php(79): CodeIgniter\CodeIgniter->run()
