CRITICAL - 2024-02-22 01:59:55 --> Call to undefined function App\Controllers\NOW()
in APPPATH\Controllers\Notas.php on line 87.
 1 SYSTEMPATH\CodeIgniter.php(942): App\Controllers\Notas->guardar_nota()
 2 SYSTEMPATH\CodeIgniter.php(502): CodeIgniter\CodeIgniter->runController(Object(App\Controllers\Notas))
 3 SYSTEMPATH\CodeIgniter.php(361): CodeIgniter\CodeIgniter->handleRequest(null, Object(Config\Cache), false)
 4 FCPATH\index.php(79): CodeIgniter\CodeIgniter->run()
ERROR - 2024-02-22 02:09:34 --> mysqli_sql_exception: Table 'ejemplo.materias' doesn't exist in C:\xampp\htdocs\prueba-universidad\system\Database\MySQLi\Connection.php:306
Stack trace:
#0 C:\xampp\htdocs\prueba-universidad\system\Database\MySQLi\Connection.php(306): mysqli->query('SELECT * FROM m...', 0)
#1 C:\xampp\htdocs\prueba-universidad\system\Database\BaseConnection.php(693): CodeIgniter\Database\MySQLi\Connection->execute('SELECT * FROM m...')
#2 C:\xampp\htdocs\prueba-universidad\system\Database\BaseConnection.php(607): CodeIgniter\Database\BaseConnection->simpleQuery('SELECT * FROM m...')
#3 C:\xampp\htdocs\prueba-universidad\app\Controllers\Notas.php(32): CodeIgniter\Database\BaseConnection->query('SELECT * FROM m...')
#4 C:\xampp\htdocs\prueba-universidad\system\CodeIgniter.php(942): App\Controllers\Notas->notas_estudiante('1220344')
#5 C:\xampp\htdocs\prueba-universidad\system\CodeIgniter.php(502): CodeIgniter\CodeIgniter->runController(Object(App\Controllers\Notas))
#6 C:\xampp\htdocs\prueba-universidad\system\CodeIgniter.php(361): CodeIgniter\CodeIgniter->handleRequest(NULL, Object(Config\Cache), false)
#7 C:\xampp\htdocs\prueba-universidad\public\index.php(79): CodeIgniter\CodeIgniter->run()
#8 {main}
CRITICAL - 2024-02-22 02:09:34 --> Table 'ejemplo.materias' doesn't exist
in SYSTEMPATH\Database\BaseConnection.php on line 647.
 1 APPPATH\Controllers\Notas.php(32): CodeIgniter\Database\BaseConnection->query('SELECT * FROM materias')
 2 SYSTEMPATH\CodeIgniter.php(942): App\Controllers\Notas->notas_estudiante('1220344')
 3 SYSTEMPATH\CodeIgniter.php(502): CodeIgniter\CodeIgniter->runController(Object(App\Controllers\Notas))
 4 SYSTEMPATH\CodeIgniter.php(361): CodeIgniter\CodeIgniter->handleRequest(null, Object(Config\Cache), false)
 5 FCPATH\index.php(79): CodeIgniter\CodeIgniter->run()
CRITICAL - 2024-02-22 02:19:31 --> Undefined variable $nota
in APPPATH\Views\notas\notasAlumno.php on line 57.
 1 APPPATH\Views\notas\notasAlumno.php(57): CodeIgniter\Debug\Exceptions->errorHandler(2, 'Undefined variable $nota', 'C:\\xampp\\htdocs\\prueba-universidad\\app\\Views\\notas\\notasAlumno.php', 57)
 2 SYSTEMPATH\View\View.php(228): include('C:\\xampp\\htdocs\\prueba-universidad\\app\\Views\\notas\\notasAlumno.php')
 3 SYSTEMPATH\View\View.php(231): CodeIgniter\View\View->CodeIgniter\View\{closure}()
 4 SYSTEMPATH\Common.php(1190): CodeIgniter\View\View->render('notas/notasAlumno', [], true)
 5 APPPATH\Controllers\Notas.php(48): view('notas/notasAlumno', [...])
 6 SYSTEMPATH\CodeIgniter.php(942): App\Controllers\Notas->notas_estudiante('1220344')
 7 SYSTEMPATH\CodeIgniter.php(502): CodeIgniter\CodeIgniter->runController(Object(App\Controllers\Notas))
 8 SYSTEMPATH\CodeIgniter.php(361): CodeIgniter\CodeIgniter->handleRequest(null, Object(Config\Cache), false)
 9 FCPATH\index.php(79): CodeIgniter\CodeIgniter->run()
CRITICAL - 2024-02-22 02:22:55 --> syntax error, unexpected token "if"
in APPPATH\Views\notas\notasAlumno.php on line 62.
 1 SYSTEMPATH\View\View.php(231): CodeIgniter\View\View->CodeIgniter\View\{closure}()
 2 SYSTEMPATH\Common.php(1190): CodeIgniter\View\View->render('notas/notasAlumno', [], true)
 3 APPPATH\Controllers\Notas.php(48): view('notas/notasAlumno', [...])
 4 SYSTEMPATH\CodeIgniter.php(942): App\Controllers\Notas->notas_estudiante('1220344')
 5 SYSTEMPATH\CodeIgniter.php(502): CodeIgniter\CodeIgniter->runController(Object(App\Controllers\Notas))
 6 SYSTEMPATH\CodeIgniter.php(361): CodeIgniter\CodeIgniter->handleRequest(null, Object(Config\Cache), false)
 7 FCPATH\index.php(79): CodeIgniter\CodeIgniter->run()
CRITICAL - 2024-02-22 02:39:34 --> Undefined variable $nota
in APPPATH\Views\notas\notasAlumno.php on line 57.
 1 APPPATH\Views\notas\notasAlumno.php(57): CodeIgniter\Debug\Exceptions->errorHandler(2, 'Undefined variable $nota', 'C:\\xampp\\htdocs\\prueba-universidad\\app\\Views\\notas\\notasAlumno.php', 57)
 2 SYSTEMPATH\View\View.php(228): include('C:\\xampp\\htdocs\\prueba-universidad\\app\\Views\\notas\\notasAlumno.php')
 3 SYSTEMPATH\View\View.php(231): CodeIgniter\View\View->CodeIgniter\View\{closure}()
 4 SYSTEMPATH\Common.php(1190): CodeIgniter\View\View->render('notas/notasAlumno', [], true)
 5 APPPATH\Controllers\Notas.php(48): view('notas/notasAlumno', [...])
 6 SYSTEMPATH\CodeIgniter.php(942): App\Controllers\Notas->notas_estudiante('1220344')
 7 SYSTEMPATH\CodeIgniter.php(502): CodeIgniter\CodeIgniter->runController(Object(App\Controllers\Notas))
 8 SYSTEMPATH\CodeIgniter.php(361): CodeIgniter\CodeIgniter->handleRequest(null, Object(Config\Cache), false)
 9 FCPATH\index.php(79): CodeIgniter\CodeIgniter->run()
CRITICAL - 2024-02-22 19:05:02 --> Undefined variable $previo
in APPPATH\Views\notas\notasAlumno.php on line 52.
 1 APPPATH\Views\notas\notasAlumno.php(52): CodeIgniter\Debug\Exceptions->errorHandler(2, 'Undefined variable $previo', 'C:\\xampp\\htdocs\\prueba-universidad\\app\\Views\\notas\\notasAlumno.php', 52)
 2 SYSTEMPATH\View\View.php(228): include('C:\\xampp\\htdocs\\prueba-universidad\\app\\Views\\notas\\notasAlumno.php')
 3 SYSTEMPATH\View\View.php(231): CodeIgniter\View\View->CodeIgniter\View\{closure}()
 4 SYSTEMPATH\Common.php(1190): CodeIgniter\View\View->render('notas/notasAlumno', [], true)
 5 APPPATH\Controllers\Notas.php(48): view('notas/notasAlumno', [...])
 6 SYSTEMPATH\CodeIgniter.php(942): App\Controllers\Notas->notas_estudiante('1220344')
 7 SYSTEMPATH\CodeIgniter.php(502): CodeIgniter\CodeIgniter->runController(Object(App\Controllers\Notas))
 8 SYSTEMPATH\CodeIgniter.php(361): CodeIgniter\CodeIgniter->handleRequest(null, Object(Config\Cache), false)
 9 FCPATH\index.php(79): CodeIgniter\CodeIgniter->run()
ERROR - 2024-02-22 19:12:50 --> mysqli_sql_exception: Unknown column 'materia.codigo' in 'order clause' in C:\xampp\htdocs\prueba-universidad\system\Database\MySQLi\Connection.php:306
Stack trace:
#0 C:\xampp\htdocs\prueba-universidad\system\Database\MySQLi\Connection.php(306): mysqli->query('SELECT * FROM p...', 0)
#1 C:\xampp\htdocs\prueba-universidad\system\Database\BaseConnection.php(693): CodeIgniter\Database\MySQLi\Connection->execute('SELECT * FROM p...')
#2 C:\xampp\htdocs\prueba-universidad\system\Database\BaseConnection.php(607): CodeIgniter\Database\BaseConnection->simpleQuery('SELECT * FROM p...')
#3 C:\xampp\htdocs\prueba-universidad\app\Controllers\Semestres.php(12): CodeIgniter\Database\BaseConnection->query('SELECT * FROM p...')
#4 C:\xampp\htdocs\prueba-universidad\system\CodeIgniter.php(942): App\Controllers\Semestres->mostrar_semestre()
#5 C:\xampp\htdocs\prueba-universidad\system\CodeIgniter.php(502): CodeIgniter\CodeIgniter->runController(Object(App\Controllers\Semestres))
#6 C:\xampp\htdocs\prueba-universidad\system\CodeIgniter.php(361): CodeIgniter\CodeIgniter->handleRequest(NULL, Object(Config\Cache), false)
#7 C:\xampp\htdocs\prueba-universidad\public\index.php(79): CodeIgniter\CodeIgniter->run()
#8 {main}
CRITICAL - 2024-02-22 19:12:50 --> Unknown column 'materia.codigo' in 'order clause'
in SYSTEMPATH\Database\BaseConnection.php on line 647.
 1 APPPATH\Controllers\Semestres.php(12): CodeIgniter\Database\BaseConnection->query('SELECT * FROM persona, materia, semestre WHERE persona.codigo = semestre.codigo AND materia.codigo_materia = semestre.codigo_materia ORDER BY materia.codigo DESC ')
 2 SYSTEMPATH\CodeIgniter.php(942): App\Controllers\Semestres->mostrar_semestre()
 3 SYSTEMPATH\CodeIgniter.php(502): CodeIgniter\CodeIgniter->runController(Object(App\Controllers\Semestres))
 4 SYSTEMPATH\CodeIgniter.php(361): CodeIgniter\CodeIgniter->handleRequest(null, Object(Config\Cache), false)
 5 FCPATH\index.php(79): CodeIgniter\CodeIgniter->run()
ERROR - 2024-02-22 19:55:15 --> mysqli_sql_exception: Unknown column 'codigo.semestre' in 'where clause' in C:\xampp\htdocs\prueba-universidad\system\Database\MySQLi\Connection.php:306
Stack trace:
#0 C:\xampp\htdocs\prueba-universidad\system\Database\MySQLi\Connection.php(306): mysqli->query('SELECT * FROM s...', 0)
#1 C:\xampp\htdocs\prueba-universidad\system\Database\BaseConnection.php(693): CodeIgniter\Database\MySQLi\Connection->execute('SELECT * FROM s...')
#2 C:\xampp\htdocs\prueba-universidad\system\Database\BaseConnection.php(607): CodeIgniter\Database\BaseConnection->simpleQuery('SELECT * FROM s...')
#3 C:\xampp\htdocs\prueba-universidad\app\Controllers\Notas.php(32): CodeIgniter\Database\BaseConnection->query('SELECT * FROM s...')
#4 C:\xampp\htdocs\prueba-universidad\system\CodeIgniter.php(942): App\Controllers\Notas->notas_estudiante('1220344')
#5 C:\xampp\htdocs\prueba-universidad\system\CodeIgniter.php(502): CodeIgniter\CodeIgniter->runController(Object(App\Controllers\Notas))
#6 C:\xampp\htdocs\prueba-universidad\system\CodeIgniter.php(361): CodeIgniter\CodeIgniter->handleRequest(NULL, Object(Config\Cache), false)
#7 C:\xampp\htdocs\prueba-universidad\public\index.php(79): CodeIgniter\CodeIgniter->run()
#8 {main}
CRITICAL - 2024-02-22 19:55:15 --> Unknown column 'codigo.semestre' in 'where clause'
in SYSTEMPATH\Database\BaseConnection.php on line 647.
 1 APPPATH\Controllers\Notas.php(32): CodeIgniter\Database\BaseConnection->query('SELECT * FROM semestre, nota WHERE codigo.semestre = codigo.nota')
 2 SYSTEMPATH\CodeIgniter.php(942): App\Controllers\Notas->notas_estudiante('1220344')
 3 SYSTEMPATH\CodeIgniter.php(502): CodeIgniter\CodeIgniter->runController(Object(App\Controllers\Notas))
 4 SYSTEMPATH\CodeIgniter.php(361): CodeIgniter\CodeIgniter->handleRequest(null, Object(Config\Cache), false)
 5 FCPATH\index.php(79): CodeIgniter\CodeIgniter->run()
CRITICAL - 2024-02-22 19:55:46 --> Undefined array key "nombre"
in APPPATH\Views\notas\notasAlumno.php on line 56.
 1 APPPATH\Views\notas\notasAlumno.php(56): CodeIgniter\Debug\Exceptions->errorHandler(2, 'Undefined array key "nombre"', 'C:\\xampp\\htdocs\\prueba-universidad\\app\\Views\\notas\\notasAlumno.php', 56)
 2 SYSTEMPATH\View\View.php(228): include('C:\\xampp\\htdocs\\prueba-universidad\\app\\Views\\notas\\notasAlumno.php')
 3 SYSTEMPATH\View\View.php(231): CodeIgniter\View\View->CodeIgniter\View\{closure}()
 4 SYSTEMPATH\Common.php(1190): CodeIgniter\View\View->render('notas/notasAlumno', [], true)
 5 APPPATH\Controllers\Notas.php(48): view('notas/notasAlumno', [...])
 6 SYSTEMPATH\CodeIgniter.php(942): App\Controllers\Notas->notas_estudiante('1220344')
 7 SYSTEMPATH\CodeIgniter.php(502): CodeIgniter\CodeIgniter->runController(Object(App\Controllers\Notas))
 8 SYSTEMPATH\CodeIgniter.php(361): CodeIgniter\CodeIgniter->handleRequest(null, Object(Config\Cache), false)
 9 FCPATH\index.php(79): CodeIgniter\CodeIgniter->run()
CRITICAL - 2024-02-22 19:58:20 --> Undefined variable $maxMaterias
in APPPATH\Views\notas\notasAlumno.php on line 54.
 1 APPPATH\Views\notas\notasAlumno.php(54): CodeIgniter\Debug\Exceptions->errorHandler(2, 'Undefined variable $maxMaterias', 'C:\\xampp\\htdocs\\prueba-universidad\\app\\Views\\notas\\notasAlumno.php', 54)
 2 SYSTEMPATH\View\View.php(228): include('C:\\xampp\\htdocs\\prueba-universidad\\app\\Views\\notas\\notasAlumno.php')
 3 SYSTEMPATH\View\View.php(231): CodeIgniter\View\View->CodeIgniter\View\{closure}()
 4 SYSTEMPATH\Common.php(1190): CodeIgniter\View\View->render('notas/notasAlumno', [], true)
 5 APPPATH\Controllers\Notas.php(48): view('notas/notasAlumno', [...])
 6 SYSTEMPATH\CodeIgniter.php(942): App\Controllers\Notas->notas_estudiante('1220344')
 7 SYSTEMPATH\CodeIgniter.php(502): CodeIgniter\CodeIgniter->runController(Object(App\Controllers\Notas))
 8 SYSTEMPATH\CodeIgniter.php(361): CodeIgniter\CodeIgniter->handleRequest(null, Object(Config\Cache), false)
 9 FCPATH\index.php(79): CodeIgniter\CodeIgniter->run()
CRITICAL - 2024-02-22 19:58:43 --> Trying to access array offset on value of type bool
in APPPATH\Views\notas\notasAlumno.php on line 59.
 1 APPPATH\Views\notas\notasAlumno.php(59): CodeIgniter\Debug\Exceptions->errorHandler(2, 'Trying to access array offset on value of type bool', 'C:\\xampp\\htdocs\\prueba-universidad\\app\\Views\\notas\\notasAlumno.php', 59)
 2 SYSTEMPATH\View\View.php(228): include('C:\\xampp\\htdocs\\prueba-universidad\\app\\Views\\notas\\notasAlumno.php')
 3 SYSTEMPATH\View\View.php(231): CodeIgniter\View\View->CodeIgniter\View\{closure}()
 4 SYSTEMPATH\Common.php(1190): CodeIgniter\View\View->render('notas/notasAlumno', [], true)
 5 APPPATH\Controllers\Notas.php(48): view('notas/notasAlumno', [...])
 6 SYSTEMPATH\CodeIgniter.php(942): App\Controllers\Notas->notas_estudiante('1220344')
 7 SYSTEMPATH\CodeIgniter.php(502): CodeIgniter\CodeIgniter->runController(Object(App\Controllers\Notas))
 8 SYSTEMPATH\CodeIgniter.php(361): CodeIgniter\CodeIgniter->handleRequest(null, Object(Config\Cache), false)
 9 FCPATH\index.php(79): CodeIgniter\CodeIgniter->run()
