CRITICAL - 2024-02-03 23:31:21 --> Undefined constant "previos"
in APPPATH\Views\previos\editarPrevio.php on line 26.
 1 SYSTEMPATH\View\View.php(228): include()
 2 SYSTEMPATH\View\View.php(231): CodeIgniter\View\View->CodeIgniter\View\{closure}()
 3 SYSTEMPATH\Common.php(1190): CodeIgniter\View\View->render('previos/editarPrevio', [], true)
 4 APPPATH\Controllers\Previos.php(68): view('previos/editarPrevio', [...])
 5 SYSTEMPATH\CodeIgniter.php(942): App\Controllers\Previos->editar_previos('Examen Final')
 6 SYSTEMPATH\CodeIgniter.php(502): CodeIgniter\CodeIgniter->runController(Object(App\Controllers\Previos))
 7 SYSTEMPATH\CodeIgniter.php(361): CodeIgniter\CodeIgniter->handleRequest(null, Object(Config\Cache), false)
 8 FCPATH\index.php(79): CodeIgniter\CodeIgniter->run()
CRITICAL - 2024-02-03 23:31:48 --> Undefined array key "tipo_previo"
in APPPATH\Views\previos\editarPrevio.php on line 26.
 1 APPPATH\Views\previos\editarPrevio.php(26): CodeIgniter\Debug\Exceptions->errorHandler(2, 'Undefined array key "tipo_previo"', 'C:\\xampp\\htdocs\\prueba-universidad\\app\\Views\\previos\\editarPrevio.php', 26)
 2 SYSTEMPATH\View\View.php(228): include('C:\\xampp\\htdocs\\prueba-universidad\\app\\Views\\previos\\editarPrevio.php')
 3 SYSTEMPATH\View\View.php(231): CodeIgniter\View\View->CodeIgniter\View\{closure}()
 4 SYSTEMPATH\Common.php(1190): CodeIgniter\View\View->render('previos/editarPrevio', [], true)
 5 APPPATH\Controllers\Previos.php(68): view('previos/editarPrevio', [...])
 6 SYSTEMPATH\CodeIgniter.php(942): App\Controllers\Previos->editar_previos('Examen Final')
 7 SYSTEMPATH\CodeIgniter.php(502): CodeIgniter\CodeIgniter->runController(Object(App\Controllers\Previos))
 8 SYSTEMPATH\CodeIgniter.php(361): CodeIgniter\CodeIgniter->handleRequest(null, Object(Config\Cache), false)
 9 FCPATH\index.php(79): CodeIgniter\CodeIgniter->run()
