CRITICAL - 2024-02-20 00:25:10 --> Undefined array key "Primer Previo"
in APPPATH\Views\notas\notasAlumno.php on line 77.
 1 APPPATH\Views\notas\notasAlumno.php(77): CodeIgniter\Debug\Exceptions->errorHandler(2, 'Undefined array key "Primer Previo"', 'C:\\xampp\\htdocs\\prueba-universidad\\app\\Views\\notas\\notasAlumno.php', 77)
 2 SYSTEMPATH\View\View.php(228): include('C:\\xampp\\htdocs\\prueba-universidad\\app\\Views\\notas\\notasAlumno.php')
 3 SYSTEMPATH\View\View.php(231): CodeIgniter\View\View->CodeIgniter\View\{closure}()
 4 SYSTEMPATH\Common.php(1190): CodeIgniter\View\View->render('notas/notasAlumno', [], true)
 5 APPPATH\Controllers\Notas.php(44): view('notas/notasAlumno', [...])
 6 SYSTEMPATH\CodeIgniter.php(942): App\Controllers\Notas->notas_estudiante('1220344')
 7 SYSTEMPATH\CodeIgniter.php(502): CodeIgniter\CodeIgniter->runController(Object(App\Controllers\Notas))
 8 SYSTEMPATH\CodeIgniter.php(361): CodeIgniter\CodeIgniter->handleRequest(null, Object(Config\Cache), false)
 9 FCPATH\index.php(79): CodeIgniter\CodeIgniter->run()
CRITICAL - 2024-02-20 00:30:17 --> Undefined array key "Primer Previo"
in APPPATH\Views\notas\notasAlumno.php on line 77.
 1 APPPATH\Views\notas\notasAlumno.php(77): CodeIgniter\Debug\Exceptions->errorHandler(2, 'Undefined array key "Primer Previo"', 'C:\\xampp\\htdocs\\prueba-universidad\\app\\Views\\notas\\notasAlumno.php', 77)
 2 SYSTEMPATH\View\View.php(228): include('C:\\xampp\\htdocs\\prueba-universidad\\app\\Views\\notas\\notasAlumno.php')
 3 SYSTEMPATH\View\View.php(231): CodeIgniter\View\View->CodeIgniter\View\{closure}()
 4 SYSTEMPATH\Common.php(1190): CodeIgniter\View\View->render('notas/notasAlumno', [], true)
 5 APPPATH\Controllers\Notas.php(44): view('notas/notasAlumno', [...])
 6 SYSTEMPATH\CodeIgniter.php(942): App\Controllers\Notas->notas_estudiante('1220344')
 7 SYSTEMPATH\CodeIgniter.php(502): CodeIgniter\CodeIgniter->runController(Object(App\Controllers\Notas))
 8 SYSTEMPATH\CodeIgniter.php(361): CodeIgniter\CodeIgniter->handleRequest(null, Object(Config\Cache), false)
 9 FCPATH\index.php(79): CodeIgniter\CodeIgniter->run()
CRITICAL - 2024-02-20 00:32:16 --> Unmatched '}'
in APPPATH\Views\notas\notasAlumno.php on line 86.
 1 SYSTEMPATH\View\View.php(231): CodeIgniter\View\View->CodeIgniter\View\{closure}()
 2 SYSTEMPATH\Common.php(1190): CodeIgniter\View\View->render('notas/notasAlumno', [], true)
 3 APPPATH\Controllers\Notas.php(44): view('notas/notasAlumno', [...])
 4 SYSTEMPATH\CodeIgniter.php(942): App\Controllers\Notas->notas_estudiante('1220344')
 5 SYSTEMPATH\CodeIgniter.php(502): CodeIgniter\CodeIgniter->runController(Object(App\Controllers\Notas))
 6 SYSTEMPATH\CodeIgniter.php(361): CodeIgniter\CodeIgniter->handleRequest(null, Object(Config\Cache), false)
 7 FCPATH\index.php(79): CodeIgniter\CodeIgniter->run()
CRITICAL - 2024-02-20 00:32:26 --> Undefined array key "Primer Previo"
in APPPATH\Views\notas\notasAlumno.php on line 77.
 1 APPPATH\Views\notas\notasAlumno.php(77): CodeIgniter\Debug\Exceptions->errorHandler(2, 'Undefined array key "Primer Previo"', 'C:\\xampp\\htdocs\\prueba-universidad\\app\\Views\\notas\\notasAlumno.php', 77)
 2 SYSTEMPATH\View\View.php(228): include('C:\\xampp\\htdocs\\prueba-universidad\\app\\Views\\notas\\notasAlumno.php')
 3 SYSTEMPATH\View\View.php(231): CodeIgniter\View\View->CodeIgniter\View\{closure}()
 4 SYSTEMPATH\Common.php(1190): CodeIgniter\View\View->render('notas/notasAlumno', [], true)
 5 APPPATH\Controllers\Notas.php(44): view('notas/notasAlumno', [...])
 6 SYSTEMPATH\CodeIgniter.php(942): App\Controllers\Notas->notas_estudiante('1220344')
 7 SYSTEMPATH\CodeIgniter.php(502): CodeIgniter\CodeIgniter->runController(Object(App\Controllers\Notas))
 8 SYSTEMPATH\CodeIgniter.php(361): CodeIgniter\CodeIgniter->handleRequest(null, Object(Config\Cache), false)
 9 FCPATH\index.php(79): CodeIgniter\CodeIgniter->run()
CRITICAL - 2024-02-20 00:33:38 --> Undefined array key "Primer Previo"
in APPPATH\Views\notas\notasAlumno.php on line 77.
 1 APPPATH\Views\notas\notasAlumno.php(77): CodeIgniter\Debug\Exceptions->errorHandler(2, 'Undefined array key "Primer Previo"', 'C:\\xampp\\htdocs\\prueba-universidad\\app\\Views\\notas\\notasAlumno.php', 77)
 2 SYSTEMPATH\View\View.php(228): include('C:\\xampp\\htdocs\\prueba-universidad\\app\\Views\\notas\\notasAlumno.php')
 3 SYSTEMPATH\View\View.php(231): CodeIgniter\View\View->CodeIgniter\View\{closure}()
 4 SYSTEMPATH\Common.php(1190): CodeIgniter\View\View->render('notas/notasAlumno', [], true)
 5 APPPATH\Controllers\Notas.php(44): view('notas/notasAlumno', [...])
 6 SYSTEMPATH\CodeIgniter.php(942): App\Controllers\Notas->notas_estudiante('1220344')
 7 SYSTEMPATH\CodeIgniter.php(502): CodeIgniter\CodeIgniter->runController(Object(App\Controllers\Notas))
 8 SYSTEMPATH\CodeIgniter.php(361): CodeIgniter\CodeIgniter->handleRequest(null, Object(Config\Cache), false)
 9 FCPATH\index.php(79): CodeIgniter\CodeIgniter->run()
CRITICAL - 2024-02-20 00:34:06 --> Cannot use [] for reading
in APPPATH\Views\notas\notasAlumno.php on line 77.
 1 SYSTEMPATH\View\View.php(228): include()
 2 SYSTEMPATH\View\View.php(231): CodeIgniter\View\View->CodeIgniter\View\{closure}()
 3 SYSTEMPATH\Common.php(1190): CodeIgniter\View\View->render('notas/notasAlumno', [], true)
 4 APPPATH\Controllers\Notas.php(44): view('notas/notasAlumno', [...])
 5 SYSTEMPATH\CodeIgniter.php(942): App\Controllers\Notas->notas_estudiante('1220344')
 6 SYSTEMPATH\CodeIgniter.php(502): CodeIgniter\CodeIgniter->runController(Object(App\Controllers\Notas))
 7 SYSTEMPATH\CodeIgniter.php(361): CodeIgniter\CodeIgniter->handleRequest(null, Object(Config\Cache), false)
 8 FCPATH\index.php(79): CodeIgniter\CodeIgniter->run()
CRITICAL - 2024-02-20 00:34:13 --> Undefined array key "Segungo Previo"
in APPPATH\Views\notas\notasAlumno.php on line 77.
 1 APPPATH\Views\notas\notasAlumno.php(77): CodeIgniter\Debug\Exceptions->errorHandler(2, 'Undefined array key "Segungo Previo"', 'C:\\xampp\\htdocs\\prueba-universidad\\app\\Views\\notas\\notasAlumno.php', 77)
 2 SYSTEMPATH\View\View.php(228): include('C:\\xampp\\htdocs\\prueba-universidad\\app\\Views\\notas\\notasAlumno.php')
 3 SYSTEMPATH\View\View.php(231): CodeIgniter\View\View->CodeIgniter\View\{closure}()
 4 SYSTEMPATH\Common.php(1190): CodeIgniter\View\View->render('notas/notasAlumno', [], true)
 5 APPPATH\Controllers\Notas.php(44): view('notas/notasAlumno', [...])
 6 SYSTEMPATH\CodeIgniter.php(942): App\Controllers\Notas->notas_estudiante('1220344')
 7 SYSTEMPATH\CodeIgniter.php(502): CodeIgniter\CodeIgniter->runController(Object(App\Controllers\Notas))
 8 SYSTEMPATH\CodeIgniter.php(361): CodeIgniter\CodeIgniter->handleRequest(null, Object(Config\Cache), false)
 9 FCPATH\index.php(79): CodeIgniter\CodeIgniter->run()
CRITICAL - 2024-02-20 00:34:19 --> Undefined array key "Segundo Previo"
in APPPATH\Views\notas\notasAlumno.php on line 77.
 1 APPPATH\Views\notas\notasAlumno.php(77): CodeIgniter\Debug\Exceptions->errorHandler(2, 'Undefined array key "Segundo Previo"', 'C:\\xampp\\htdocs\\prueba-universidad\\app\\Views\\notas\\notasAlumno.php', 77)
 2 SYSTEMPATH\View\View.php(228): include('C:\\xampp\\htdocs\\prueba-universidad\\app\\Views\\notas\\notasAlumno.php')
 3 SYSTEMPATH\View\View.php(231): CodeIgniter\View\View->CodeIgniter\View\{closure}()
 4 SYSTEMPATH\Common.php(1190): CodeIgniter\View\View->render('notas/notasAlumno', [], true)
 5 APPPATH\Controllers\Notas.php(44): view('notas/notasAlumno', [...])
 6 SYSTEMPATH\CodeIgniter.php(942): App\Controllers\Notas->notas_estudiante('1220344')
 7 SYSTEMPATH\CodeIgniter.php(502): CodeIgniter\CodeIgniter->runController(Object(App\Controllers\Notas))
 8 SYSTEMPATH\CodeIgniter.php(361): CodeIgniter\CodeIgniter->handleRequest(null, Object(Config\Cache), false)
 9 FCPATH\index.php(79): CodeIgniter\CodeIgniter->run()
CRITICAL - 2024-02-20 00:35:04 --> Undefined array key "Primer Previo"
in APPPATH\Views\notas\notasAlumno.php on line 77.
 1 APPPATH\Views\notas\notasAlumno.php(77): CodeIgniter\Debug\Exceptions->errorHandler(2, 'Undefined array key "Primer Previo"', 'C:\\xampp\\htdocs\\prueba-universidad\\app\\Views\\notas\\notasAlumno.php', 77)
 2 SYSTEMPATH\View\View.php(228): include('C:\\xampp\\htdocs\\prueba-universidad\\app\\Views\\notas\\notasAlumno.php')
 3 SYSTEMPATH\View\View.php(231): CodeIgniter\View\View->CodeIgniter\View\{closure}()
 4 SYSTEMPATH\Common.php(1190): CodeIgniter\View\View->render('notas/notasAlumno', [], true)
 5 APPPATH\Controllers\Notas.php(44): view('notas/notasAlumno', [...])
 6 SYSTEMPATH\CodeIgniter.php(942): App\Controllers\Notas->notas_estudiante('1220344')
 7 SYSTEMPATH\CodeIgniter.php(502): CodeIgniter\CodeIgniter->runController(Object(App\Controllers\Notas))
 8 SYSTEMPATH\CodeIgniter.php(361): CodeIgniter\CodeIgniter->handleRequest(null, Object(Config\Cache), false)
 9 FCPATH\index.php(79): CodeIgniter\CodeIgniter->run()
CRITICAL - 2024-02-20 00:35:15 --> Undefined variable $previo
in APPPATH\Views\notas\notasAlumno.php on line 77.
 1 APPPATH\Views\notas\notasAlumno.php(77): CodeIgniter\Debug\Exceptions->errorHandler(2, 'Undefined variable $previo', 'C:\\xampp\\htdocs\\prueba-universidad\\app\\Views\\notas\\notasAlumno.php', 77)
 2 SYSTEMPATH\View\View.php(228): include('C:\\xampp\\htdocs\\prueba-universidad\\app\\Views\\notas\\notasAlumno.php')
 3 SYSTEMPATH\View\View.php(231): CodeIgniter\View\View->CodeIgniter\View\{closure}()
 4 SYSTEMPATH\Common.php(1190): CodeIgniter\View\View->render('notas/notasAlumno', [], true)
 5 APPPATH\Controllers\Notas.php(44): view('notas/notasAlumno', [...])
 6 SYSTEMPATH\CodeIgniter.php(942): App\Controllers\Notas->notas_estudiante('1220344')
 7 SYSTEMPATH\CodeIgniter.php(502): CodeIgniter\CodeIgniter->runController(Object(App\Controllers\Notas))
 8 SYSTEMPATH\CodeIgniter.php(361): CodeIgniter\CodeIgniter->handleRequest(null, Object(Config\Cache), false)
 9 FCPATH\index.php(79): CodeIgniter\CodeIgniter->run()
CRITICAL - 2024-02-20 00:35:19 --> Undefined array key "Primer Previo"
in APPPATH\Views\notas\notasAlumno.php on line 77.
 1 APPPATH\Views\notas\notasAlumno.php(77): CodeIgniter\Debug\Exceptions->errorHandler(2, 'Undefined array key "Primer Previo"', 'C:\\xampp\\htdocs\\prueba-universidad\\app\\Views\\notas\\notasAlumno.php', 77)
 2 SYSTEMPATH\View\View.php(228): include('C:\\xampp\\htdocs\\prueba-universidad\\app\\Views\\notas\\notasAlumno.php')
 3 SYSTEMPATH\View\View.php(231): CodeIgniter\View\View->CodeIgniter\View\{closure}()
 4 SYSTEMPATH\Common.php(1190): CodeIgniter\View\View->render('notas/notasAlumno', [], true)
 5 APPPATH\Controllers\Notas.php(44): view('notas/notasAlumno', [...])
 6 SYSTEMPATH\CodeIgniter.php(942): App\Controllers\Notas->notas_estudiante('1220344')
 7 SYSTEMPATH\CodeIgniter.php(502): CodeIgniter\CodeIgniter->runController(Object(App\Controllers\Notas))
 8 SYSTEMPATH\CodeIgniter.php(361): CodeIgniter\CodeIgniter->handleRequest(null, Object(Config\Cache), false)
 9 FCPATH\index.php(79): CodeIgniter\CodeIgniter->run()
CRITICAL - 2024-02-20 00:35:27 --> Undefined array key "Primer Previo"
in APPPATH\Views\notas\notasAlumno.php on line 77.
 1 APPPATH\Views\notas\notasAlumno.php(77): CodeIgniter\Debug\Exceptions->errorHandler(2, 'Undefined array key "Primer Previo"', 'C:\\xampp\\htdocs\\prueba-universidad\\app\\Views\\notas\\notasAlumno.php', 77)
 2 SYSTEMPATH\View\View.php(228): include('C:\\xampp\\htdocs\\prueba-universidad\\app\\Views\\notas\\notasAlumno.php')
 3 SYSTEMPATH\View\View.php(231): CodeIgniter\View\View->CodeIgniter\View\{closure}()
 4 SYSTEMPATH\Common.php(1190): CodeIgniter\View\View->render('notas/notasAlumno', [], true)
 5 APPPATH\Controllers\Notas.php(44): view('notas/notasAlumno', [...])
 6 SYSTEMPATH\CodeIgniter.php(942): App\Controllers\Notas->notas_estudiante('1220344')
 7 SYSTEMPATH\CodeIgniter.php(502): CodeIgniter\CodeIgniter->runController(Object(App\Controllers\Notas))
 8 SYSTEMPATH\CodeIgniter.php(361): CodeIgniter\CodeIgniter->handleRequest(null, Object(Config\Cache), false)
 9 FCPATH\index.php(79): CodeIgniter\CodeIgniter->run()
CRITICAL - 2024-02-20 00:54:22 --> Undefined array key "Segundo Previo"
in APPPATH\Views\notas\notasAlumno.php on line 76.
 1 APPPATH\Views\notas\notasAlumno.php(76): CodeIgniter\Debug\Exceptions->errorHandler(2, 'Undefined array key "Segundo Previo"', 'C:\\xampp\\htdocs\\prueba-universidad\\app\\Views\\notas\\notasAlumno.php', 76)
 2 SYSTEMPATH\View\View.php(228): include('C:\\xampp\\htdocs\\prueba-universidad\\app\\Views\\notas\\notasAlumno.php')
 3 SYSTEMPATH\View\View.php(231): CodeIgniter\View\View->CodeIgniter\View\{closure}()
 4 SYSTEMPATH\Common.php(1190): CodeIgniter\View\View->render('notas/notasAlumno', [], true)
 5 APPPATH\Controllers\Notas.php(44): view('notas/notasAlumno', [...])
 6 SYSTEMPATH\CodeIgniter.php(942): App\Controllers\Notas->notas_estudiante('1220344')
 7 SYSTEMPATH\CodeIgniter.php(502): CodeIgniter\CodeIgniter->runController(Object(App\Controllers\Notas))
 8 SYSTEMPATH\CodeIgniter.php(361): CodeIgniter\CodeIgniter->handleRequest(null, Object(Config\Cache), false)
 9 FCPATH\index.php(79): CodeIgniter\CodeIgniter->run()
CRITICAL - 2024-02-20 00:55:36 --> Undefined array key "Segundo Previo"
in APPPATH\Views\notas\notasAlumno.php on line 76.
 1 APPPATH\Views\notas\notasAlumno.php(76): CodeIgniter\Debug\Exceptions->errorHandler(2, 'Undefined array key "Segundo Previo"', 'C:\\xampp\\htdocs\\prueba-universidad\\app\\Views\\notas\\notasAlumno.php', 76)
 2 SYSTEMPATH\View\View.php(228): include('C:\\xampp\\htdocs\\prueba-universidad\\app\\Views\\notas\\notasAlumno.php')
 3 SYSTEMPATH\View\View.php(231): CodeIgniter\View\View->CodeIgniter\View\{closure}()
 4 SYSTEMPATH\Common.php(1190): CodeIgniter\View\View->render('notas/notasAlumno', [], true)
 5 APPPATH\Controllers\Notas.php(44): view('notas/notasAlumno', [...])
 6 SYSTEMPATH\CodeIgniter.php(942): App\Controllers\Notas->notas_estudiante('1220344')
 7 SYSTEMPATH\CodeIgniter.php(502): CodeIgniter\CodeIgniter->runController(Object(App\Controllers\Notas))
 8 SYSTEMPATH\CodeIgniter.php(361): CodeIgniter\CodeIgniter->handleRequest(null, Object(Config\Cache), false)
 9 FCPATH\index.php(79): CodeIgniter\CodeIgniter->run()
CRITICAL - 2024-02-20 00:55:38 --> Undefined array key "Segundo Previo"
in APPPATH\Views\notas\notasAlumno.php on line 76.
 1 APPPATH\Views\notas\notasAlumno.php(76): CodeIgniter\Debug\Exceptions->errorHandler(2, 'Undefined array key "Segundo Previo"', 'C:\\xampp\\htdocs\\prueba-universidad\\app\\Views\\notas\\notasAlumno.php', 76)
 2 SYSTEMPATH\View\View.php(228): include('C:\\xampp\\htdocs\\prueba-universidad\\app\\Views\\notas\\notasAlumno.php')
 3 SYSTEMPATH\View\View.php(231): CodeIgniter\View\View->CodeIgniter\View\{closure}()
 4 SYSTEMPATH\Common.php(1190): CodeIgniter\View\View->render('notas/notasAlumno', [], true)
 5 APPPATH\Controllers\Notas.php(44): view('notas/notasAlumno', [...])
 6 SYSTEMPATH\CodeIgniter.php(942): App\Controllers\Notas->notas_estudiante('1220344')
 7 SYSTEMPATH\CodeIgniter.php(502): CodeIgniter\CodeIgniter->runController(Object(App\Controllers\Notas))
 8 SYSTEMPATH\CodeIgniter.php(361): CodeIgniter\CodeIgniter->handleRequest(null, Object(Config\Cache), false)
 9 FCPATH\index.php(79): CodeIgniter\CodeIgniter->run()
CRITICAL - 2024-02-20 01:59:18 --> Undefined variable $notaFinal
in APPPATH\Views\notas\notasAlumno.php on line 76.
 1 APPPATH\Views\notas\notasAlumno.php(76): CodeIgniter\Debug\Exceptions->errorHandler(2, 'Undefined variable $notaFinal', 'C:\\xampp\\htdocs\\prueba-universidad\\app\\Views\\notas\\notasAlumno.php', 76)
 2 SYSTEMPATH\View\View.php(228): include('C:\\xampp\\htdocs\\prueba-universidad\\app\\Views\\notas\\notasAlumno.php')
 3 SYSTEMPATH\View\View.php(231): CodeIgniter\View\View->CodeIgniter\View\{closure}()
 4 SYSTEMPATH\Common.php(1190): CodeIgniter\View\View->render('notas/notasAlumno', [], true)
 5 APPPATH\Controllers\Notas.php(44): view('notas/notasAlumno', [...])
 6 SYSTEMPATH\CodeIgniter.php(942): App\Controllers\Notas->notas_estudiante('1220344')
 7 SYSTEMPATH\CodeIgniter.php(502): CodeIgniter\CodeIgniter->runController(Object(App\Controllers\Notas))
 8 SYSTEMPATH\CodeIgniter.php(361): CodeIgniter\CodeIgniter->handleRequest(null, Object(Config\Cache), false)
 9 FCPATH\index.php(79): CodeIgniter\CodeIgniter->run()
CRITICAL - 2024-02-20 02:10:37 --> Undefined array key "primer_previo"
in APPPATH\Views\notas\notasAlumno.php on line 81.
 1 APPPATH\Views\notas\notasAlumno.php(81): CodeIgniter\Debug\Exceptions->errorHandler(2, 'Undefined array key "primer_previo"', 'C:\\xampp\\htdocs\\prueba-universidad\\app\\Views\\notas\\notasAlumno.php', 81)
 2 SYSTEMPATH\View\View.php(228): include('C:\\xampp\\htdocs\\prueba-universidad\\app\\Views\\notas\\notasAlumno.php')
 3 SYSTEMPATH\View\View.php(231): CodeIgniter\View\View->CodeIgniter\View\{closure}()
 4 SYSTEMPATH\Common.php(1190): CodeIgniter\View\View->render('notas/notasAlumno', [], true)
 5 APPPATH\Controllers\Notas.php(44): view('notas/notasAlumno', [...])
 6 SYSTEMPATH\CodeIgniter.php(942): App\Controllers\Notas->notas_estudiante('1220344')
 7 SYSTEMPATH\CodeIgniter.php(502): CodeIgniter\CodeIgniter->runController(Object(App\Controllers\Notas))
 8 SYSTEMPATH\CodeIgniter.php(361): CodeIgniter\CodeIgniter->handleRequest(null, Object(Config\Cache), false)
 9 FCPATH\index.php(79): CodeIgniter\CodeIgniter->run()
CRITICAL - 2024-02-20 02:23:05 --> syntax error, unexpected token "if"
in APPPATH\Views\notas\notasAlumno.php on line 83.
 1 SYSTEMPATH\View\View.php(231): CodeIgniter\View\View->CodeIgniter\View\{closure}()
 2 SYSTEMPATH\Common.php(1190): CodeIgniter\View\View->render('notas/notasAlumno', [], true)
 3 APPPATH\Controllers\Notas.php(44): view('notas/notasAlumno', [...])
 4 SYSTEMPATH\CodeIgniter.php(942): App\Controllers\Notas->notas_estudiante('1220344')
 5 SYSTEMPATH\CodeIgniter.php(502): CodeIgniter\CodeIgniter->runController(Object(App\Controllers\Notas))
 6 SYSTEMPATH\CodeIgniter.php(361): CodeIgniter\CodeIgniter->handleRequest(null, Object(Config\Cache), false)
 7 FCPATH\index.php(79): CodeIgniter\CodeIgniter->run()
CRITICAL - 2024-02-20 02:23:23 --> syntax error, unexpected token "echo"
in APPPATH\Views\notas\notasAlumno.php on line 83.
 1 SYSTEMPATH\View\View.php(231): CodeIgniter\View\View->CodeIgniter\View\{closure}()
 2 SYSTEMPATH\Common.php(1190): CodeIgniter\View\View->render('notas/notasAlumno', [], true)
 3 APPPATH\Controllers\Notas.php(44): view('notas/notasAlumno', [...])
 4 SYSTEMPATH\CodeIgniter.php(942): App\Controllers\Notas->notas_estudiante('1220344')
 5 SYSTEMPATH\CodeIgniter.php(502): CodeIgniter\CodeIgniter->runController(Object(App\Controllers\Notas))
 6 SYSTEMPATH\CodeIgniter.php(361): CodeIgniter\CodeIgniter->handleRequest(null, Object(Config\Cache), false)
 7 FCPATH\index.php(79): CodeIgniter\CodeIgniter->run()
CRITICAL - 2024-02-20 02:23:33 --> syntax error, unexpected token "return"
in APPPATH\Views\notas\notasAlumno.php on line 83.
 1 SYSTEMPATH\View\View.php(231): CodeIgniter\View\View->CodeIgniter\View\{closure}()
 2 SYSTEMPATH\Common.php(1190): CodeIgniter\View\View->render('notas/notasAlumno', [], true)
 3 APPPATH\Controllers\Notas.php(44): view('notas/notasAlumno', [...])
 4 SYSTEMPATH\CodeIgniter.php(942): App\Controllers\Notas->notas_estudiante('1220344')
 5 SYSTEMPATH\CodeIgniter.php(502): CodeIgniter\CodeIgniter->runController(Object(App\Controllers\Notas))
 6 SYSTEMPATH\CodeIgniter.php(361): CodeIgniter\CodeIgniter->handleRequest(null, Object(Config\Cache), false)
 7 FCPATH\index.php(79): CodeIgniter\CodeIgniter->run()
CRITICAL - 2024-02-20 02:23:41 --> syntax error, unexpected variable "$nota"
in APPPATH\Views\notas\notasAlumno.php on line 83.
 1 SYSTEMPATH\View\View.php(231): CodeIgniter\View\View->CodeIgniter\View\{closure}()
 2 SYSTEMPATH\Common.php(1190): CodeIgniter\View\View->render('notas/notasAlumno', [], true)
 3 APPPATH\Controllers\Notas.php(44): view('notas/notasAlumno', [...])
 4 SYSTEMPATH\CodeIgniter.php(942): App\Controllers\Notas->notas_estudiante('1220344')
 5 SYSTEMPATH\CodeIgniter.php(502): CodeIgniter\CodeIgniter->runController(Object(App\Controllers\Notas))
 6 SYSTEMPATH\CodeIgniter.php(361): CodeIgniter\CodeIgniter->handleRequest(null, Object(Config\Cache), false)
 7 FCPATH\index.php(79): CodeIgniter\CodeIgniter->run()
CRITICAL - 2024-02-20 02:23:50 --> syntax error, unexpected variable "$nota", expecting "," or ";"
in APPPATH\Views\notas\notasAlumno.php on line 83.
 1 SYSTEMPATH\View\View.php(231): CodeIgniter\View\View->CodeIgniter\View\{closure}()
 2 SYSTEMPATH\Common.php(1190): CodeIgniter\View\View->render('notas/notasAlumno', [], true)
 3 APPPATH\Controllers\Notas.php(44): view('notas/notasAlumno', [...])
 4 SYSTEMPATH\CodeIgniter.php(942): App\Controllers\Notas->notas_estudiante('1220344')
 5 SYSTEMPATH\CodeIgniter.php(502): CodeIgniter\CodeIgniter->runController(Object(App\Controllers\Notas))
 6 SYSTEMPATH\CodeIgniter.php(361): CodeIgniter\CodeIgniter->handleRequest(null, Object(Config\Cache), false)
 7 FCPATH\index.php(79): CodeIgniter\CodeIgniter->run()
CRITICAL - 2024-02-20 02:23:59 --> syntax error, unexpected variable "$nota", expecting "," or ";"
in APPPATH\Views\notas\notasAlumno.php on line 83.
 1 SYSTEMPATH\View\View.php(231): CodeIgniter\View\View->CodeIgniter\View\{closure}()
 2 SYSTEMPATH\Common.php(1190): CodeIgniter\View\View->render('notas/notasAlumno', [], true)
 3 APPPATH\Controllers\Notas.php(44): view('notas/notasAlumno', [...])
 4 SYSTEMPATH\CodeIgniter.php(942): App\Controllers\Notas->notas_estudiante('1220344')
 5 SYSTEMPATH\CodeIgniter.php(502): CodeIgniter\CodeIgniter->runController(Object(App\Controllers\Notas))
 6 SYSTEMPATH\CodeIgniter.php(361): CodeIgniter\CodeIgniter->handleRequest(null, Object(Config\Cache), false)
 7 FCPATH\index.php(79): CodeIgniter\CodeIgniter->run()
CRITICAL - 2024-02-20 02:24:33 --> Undefined variable $primerPrevio
in APPPATH\Views\notas\notasAlumno.php on line 81.
 1 APPPATH\Views\notas\notasAlumno.php(81): CodeIgniter\Debug\Exceptions->errorHandler(2, 'Undefined variable $primerPrevio', 'C:\\xampp\\htdocs\\prueba-universidad\\app\\Views\\notas\\notasAlumno.php', 81)
 2 SYSTEMPATH\View\View.php(228): include('C:\\xampp\\htdocs\\prueba-universidad\\app\\Views\\notas\\notasAlumno.php')
 3 SYSTEMPATH\View\View.php(231): CodeIgniter\View\View->CodeIgniter\View\{closure}()
 4 SYSTEMPATH\Common.php(1190): CodeIgniter\View\View->render('notas/notasAlumno', [], true)
 5 APPPATH\Controllers\Notas.php(44): view('notas/notasAlumno', [...])
 6 SYSTEMPATH\CodeIgniter.php(942): App\Controllers\Notas->notas_estudiante('1220344')
 7 SYSTEMPATH\CodeIgniter.php(502): CodeIgniter\CodeIgniter->runController(Object(App\Controllers\Notas))
 8 SYSTEMPATH\CodeIgniter.php(361): CodeIgniter\CodeIgniter->handleRequest(null, Object(Config\Cache), false)
 9 FCPATH\index.php(79): CodeIgniter\CodeIgniter->run()
CRITICAL - 2024-02-20 02:25:28 --> Undefined array key "Primer Previo"
in APPPATH\Views\notas\notasAlumno.php on line 81.
 1 APPPATH\Views\notas\notasAlumno.php(81): CodeIgniter\Debug\Exceptions->errorHandler(2, 'Undefined array key "Primer Previo"', 'C:\\xampp\\htdocs\\prueba-universidad\\app\\Views\\notas\\notasAlumno.php', 81)
 2 SYSTEMPATH\View\View.php(228): include('C:\\xampp\\htdocs\\prueba-universidad\\app\\Views\\notas\\notasAlumno.php')
 3 SYSTEMPATH\View\View.php(231): CodeIgniter\View\View->CodeIgniter\View\{closure}()
 4 SYSTEMPATH\Common.php(1190): CodeIgniter\View\View->render('notas/notasAlumno', [], true)
 5 APPPATH\Controllers\Notas.php(44): view('notas/notasAlumno', [...])
 6 SYSTEMPATH\CodeIgniter.php(942): App\Controllers\Notas->notas_estudiante('1220344')
 7 SYSTEMPATH\CodeIgniter.php(502): CodeIgniter\CodeIgniter->runController(Object(App\Controllers\Notas))
 8 SYSTEMPATH\CodeIgniter.php(361): CodeIgniter\CodeIgniter->handleRequest(null, Object(Config\Cache), false)
 9 FCPATH\index.php(79): CodeIgniter\CodeIgniter->run()
CRITICAL - 2024-02-20 02:25:39 --> Cannot access offset of type string on string
in APPPATH\Views\notas\notasAlumno.php on line 81.
 1 SYSTEMPATH\View\View.php(228): include()
 2 SYSTEMPATH\View\View.php(231): CodeIgniter\View\View->CodeIgniter\View\{closure}()
 3 SYSTEMPATH\Common.php(1190): CodeIgniter\View\View->render('notas/notasAlumno', [], true)
 4 APPPATH\Controllers\Notas.php(44): view('notas/notasAlumno', [...])
 5 SYSTEMPATH\CodeIgniter.php(942): App\Controllers\Notas->notas_estudiante('1220344')
 6 SYSTEMPATH\CodeIgniter.php(502): CodeIgniter\CodeIgniter->runController(Object(App\Controllers\Notas))
 7 SYSTEMPATH\CodeIgniter.php(361): CodeIgniter\CodeIgniter->handleRequest(null, Object(Config\Cache), false)
 8 FCPATH\index.php(79): CodeIgniter\CodeIgniter->run()
CRITICAL - 2024-02-20 02:25:50 --> Undefined constant "tipo_previo"
in APPPATH\Views\notas\notasAlumno.php on line 81.
 1 SYSTEMPATH\View\View.php(228): include()
 2 SYSTEMPATH\View\View.php(231): CodeIgniter\View\View->CodeIgniter\View\{closure}()
 3 SYSTEMPATH\Common.php(1190): CodeIgniter\View\View->render('notas/notasAlumno', [], true)
 4 APPPATH\Controllers\Notas.php(44): view('notas/notasAlumno', [...])
 5 SYSTEMPATH\CodeIgniter.php(942): App\Controllers\Notas->notas_estudiante('1220344')
 6 SYSTEMPATH\CodeIgniter.php(502): CodeIgniter\CodeIgniter->runController(Object(App\Controllers\Notas))
 7 SYSTEMPATH\CodeIgniter.php(361): CodeIgniter\CodeIgniter->handleRequest(null, Object(Config\Cache), false)
 8 FCPATH\index.php(79): CodeIgniter\CodeIgniter->run()
CRITICAL - 2024-02-20 02:25:58 --> Undefined constant "tipo_previo"
in APPPATH\Views\notas\notasAlumno.php on line 81.
 1 SYSTEMPATH\View\View.php(228): include()
 2 SYSTEMPATH\View\View.php(231): CodeIgniter\View\View->CodeIgniter\View\{closure}()
 3 SYSTEMPATH\Common.php(1190): CodeIgniter\View\View->render('notas/notasAlumno', [], true)
 4 APPPATH\Controllers\Notas.php(44): view('notas/notasAlumno', [...])
 5 SYSTEMPATH\CodeIgniter.php(942): App\Controllers\Notas->notas_estudiante('1220344')
 6 SYSTEMPATH\CodeIgniter.php(502): CodeIgniter\CodeIgniter->runController(Object(App\Controllers\Notas))
 7 SYSTEMPATH\CodeIgniter.php(361): CodeIgniter\CodeIgniter->handleRequest(null, Object(Config\Cache), false)
 8 FCPATH\index.php(79): CodeIgniter\CodeIgniter->run()
CRITICAL - 2024-02-20 02:26:07 --> Undefined constant "tipo_previo"
in APPPATH\Views\notas\notasAlumno.php on line 81.
 1 SYSTEMPATH\View\View.php(228): include()
 2 SYSTEMPATH\View\View.php(231): CodeIgniter\View\View->CodeIgniter\View\{closure}()
 3 SYSTEMPATH\Common.php(1190): CodeIgniter\View\View->render('notas/notasAlumno', [], true)
 4 APPPATH\Controllers\Notas.php(44): view('notas/notasAlumno', [...])
 5 SYSTEMPATH\CodeIgniter.php(942): App\Controllers\Notas->notas_estudiante('1220344')
 6 SYSTEMPATH\CodeIgniter.php(502): CodeIgniter\CodeIgniter->runController(Object(App\Controllers\Notas))
 7 SYSTEMPATH\CodeIgniter.php(361): CodeIgniter\CodeIgniter->handleRequest(null, Object(Config\Cache), false)
 8 FCPATH\index.php(79): CodeIgniter\CodeIgniter->run()
CRITICAL - 2024-02-20 02:26:13 --> Undefined variable $segundoPrevio
in APPPATH\Views\notas\notasAlumno.php on line 81.
 1 APPPATH\Views\notas\notasAlumno.php(81): CodeIgniter\Debug\Exceptions->errorHandler(2, 'Undefined variable $segundoPrevio', 'C:\\xampp\\htdocs\\prueba-universidad\\app\\Views\\notas\\notasAlumno.php', 81)
 2 SYSTEMPATH\View\View.php(228): include('C:\\xampp\\htdocs\\prueba-universidad\\app\\Views\\notas\\notasAlumno.php')
 3 SYSTEMPATH\View\View.php(231): CodeIgniter\View\View->CodeIgniter\View\{closure}()
 4 SYSTEMPATH\Common.php(1190): CodeIgniter\View\View->render('notas/notasAlumno', [], true)
 5 APPPATH\Controllers\Notas.php(44): view('notas/notasAlumno', [...])
 6 SYSTEMPATH\CodeIgniter.php(942): App\Controllers\Notas->notas_estudiante('1220344')
 7 SYSTEMPATH\CodeIgniter.php(502): CodeIgniter\CodeIgniter->runController(Object(App\Controllers\Notas))
 8 SYSTEMPATH\CodeIgniter.php(361): CodeIgniter\CodeIgniter->handleRequest(null, Object(Config\Cache), false)
 9 FCPATH\index.php(79): CodeIgniter\CodeIgniter->run()
CRITICAL - 2024-02-20 02:26:22 --> Too few arguments to function calcularNotaFinal(), 1 passed in C:\xampp\htdocs\prueba-universidad\app\Views\notas\notasAlumno.php on line 81 and exactly 4 expected
in APPPATH\Views\notas\notasAlumno.php on line 43.
 1 APPPATH\Views\notas\notasAlumno.php(81): calcularNotaFinal([...])
 2 SYSTEMPATH\View\View.php(228): include('C:\\xampp\\htdocs\\prueba-universidad\\app\\Views\\notas\\notasAlumno.php')
 3 SYSTEMPATH\View\View.php(231): CodeIgniter\View\View->CodeIgniter\View\{closure}()
 4 SYSTEMPATH\Common.php(1190): CodeIgniter\View\View->render('notas/notasAlumno', [], true)
 5 APPPATH\Controllers\Notas.php(44): view('notas/notasAlumno', [...])
 6 SYSTEMPATH\CodeIgniter.php(942): App\Controllers\Notas->notas_estudiante('1220344')
 7 SYSTEMPATH\CodeIgniter.php(502): CodeIgniter\CodeIgniter->runController(Object(App\Controllers\Notas))
 8 SYSTEMPATH\CodeIgniter.php(361): CodeIgniter\CodeIgniter->handleRequest(null, Object(Config\Cache), false)
 9 FCPATH\index.php(79): CodeIgniter\CodeIgniter->run()
CRITICAL - 2024-02-20 02:26:32 --> Unsupported operand types: array * float
in APPPATH\Views\notas\notasAlumno.php on line 45.
 1 APPPATH\Views\notas\notasAlumno.php(81): calcularNotaFinal([...], [...], [...], [...])
 2 SYSTEMPATH\View\View.php(228): include('C:\\xampp\\htdocs\\prueba-universidad\\app\\Views\\notas\\notasAlumno.php')
 3 SYSTEMPATH\View\View.php(231): CodeIgniter\View\View->CodeIgniter\View\{closure}()
 4 SYSTEMPATH\Common.php(1190): CodeIgniter\View\View->render('notas/notasAlumno', [], true)
 5 APPPATH\Controllers\Notas.php(44): view('notas/notasAlumno', [...])
 6 SYSTEMPATH\CodeIgniter.php(942): App\Controllers\Notas->notas_estudiante('1220344')
 7 SYSTEMPATH\CodeIgniter.php(502): CodeIgniter\CodeIgniter->runController(Object(App\Controllers\Notas))
 8 SYSTEMPATH\CodeIgniter.php(361): CodeIgniter\CodeIgniter->handleRequest(null, Object(Config\Cache), false)
 9 FCPATH\index.php(79): CodeIgniter\CodeIgniter->run()
